<?xml version="1.0" encoding="UTF-8"?>
<robot generator="Robot 4.0.1 (Python 3.8.3 on darwin)" generated="20210417 22:29:22.442" rpa="false" schemaversion="2">
<suite id="s1" name="scalarVariable" source="/Users/kapilnegi/PycharmProjects/robotProject/Tests/scalarVariable.robot">
<test id="s1-t1" name="LoginTest">
<kw name="Open Browser" library="SeleniumLibrary">
<arg>${url}</arg>
<arg>${browser}</arg>
<doc>Opens a new browser instance to the optional ``url``.</doc>
<msg timestamp="20210417 22:29:22.737" level="INFO">Opening browser 'Chrome' to base url 'https://the-internet.herokuapp.com/login'.</msg>
<status status="PASS" starttime="20210417 22:29:22.736" endtime="20210417 22:29:28.599"/>
</kw>
<kw name="Maximize Browser Window" library="SeleniumLibrary">
<doc>Maximizes current browser window.</doc>
<status status="PASS" starttime="20210417 22:29:28.602" endtime="20210417 22:29:28.879"/>
</kw>
<kw name="Page Should Contain" library="SeleniumLibrary">
<arg>Login Page</arg>
<doc>Verifies that current page contains ``text``.</doc>
<msg timestamp="20210417 22:29:28.901" level="INFO">Current page contains text 'Login Page'.</msg>
<status status="PASS" starttime="20210417 22:29:28.879" endtime="20210417 22:29:28.901"/>
</kw>
<kw name="Input Text" library="SeleniumLibrary">
<arg>name:username</arg>
<arg>${username}</arg>
<doc>Types the given ``text`` into the text field identified by ``locator``.</doc>
<msg timestamp="20210417 22:29:28.902" level="INFO">Typing text 'sample_user' into text field 'name:username'.</msg>
<status status="PASS" starttime="20210417 22:29:28.902" endtime="20210417 22:29:29.110"/>
</kw>
<kw name="Input Password" library="SeleniumLibrary">
<arg>name:password</arg>
<arg>${password}</arg>
<doc>Types the given password into the text field identified by ``locator``.</doc>
<msg timestamp="20210417 22:29:29.111" level="INFO">Typing password into text field 'name:password'.</msg>
<msg timestamp="20210417 22:29:29.197" level="INFO">Temporally setting log level to: NONE</msg>
<msg timestamp="20210417 22:29:29.266" level="INFO">Log level changed from NONE to INFO.</msg>
<status status="PASS" starttime="20210417 22:29:29.111" endtime="20210417 22:29:29.267"/>
</kw>
<kw name="Sleep" library="BuiltIn">
<arg>${sleep_time}</arg>
<doc>Pauses the test executed for the given time.</doc>
<msg timestamp="20210417 22:29:34.268" level="INFO">Slept 5 seconds</msg>
<status status="PASS" starttime="20210417 22:29:29.267" endtime="20210417 22:29:34.269"/>
</kw>
<kw name="Close Browser" library="SeleniumLibrary">
<doc>Closes the current browser.</doc>
<status status="PASS" starttime="20210417 22:29:34.269" endtime="20210417 22:29:34.360"/>
</kw>
<doc>First robot selenium test case</doc>
<tag>Functional</tag>
<status status="PASS" starttime="20210417 22:29:22.735" endtime="20210417 22:29:34.361"/>
</test>
<status status="PASS" starttime="20210417 22:29:22.444" endtime="20210417 22:29:34.363"/>
</suite>
<statistics>
<total>
<stat pass="1" fail="0" skip="0">All Tests</stat>
</total>
<tag>
<stat pass="1" fail="0" skip="0">Functional</stat>
</tag>
<suite>
<stat pass="1" fail="0" skip="0" id="s1" name="scalarVariable">scalarVariable</stat>
</suite>
</statistics>
<errors>
</errors>
</robot>
